DEBUG:2022-11-07 10:27:55,463 host=CallistoAllegro. 
DEBUG:2022-11-07 10:27:55,463 port=10035. 
DEBUG:2022-11-07 10:27:55,463 user=thierry. 
DEBUG:2022-11-07 10:27:55,463 password=thierry74. 
DEBUG:2022-11-07 10:27:55,464 close_enough=0.28. 
DEBUG:2022-11-07 10:27:55,468 Starting new HTTP connection (1): callistoallegro:10035 
DEBUG:2022-11-07 10:27:55,471 http://callistoallegro:10035 "GET /catalogs HTTP/1.1" 200 None 
DEBUG:2022-11-07 10:27:55,473 Starting new HTTP connection (1): callistoallegro:10035 
DEBUG:2022-11-07 10:27:55,479 http://callistoallegro:10035 "GET /repositories HTTP/1.1" 200 None 
DEBUG:2022-11-07 10:27:55,481 Starting new HTTP connection (1): callistoallegro:10035 
DEBUG:2022-11-07 10:27:55,483 http://callistoallegro:10035 "GET /catalogs HTTP/1.1" 200 None 
DEBUG:2022-11-07 10:27:55,485 Starting new HTTP connection (1): callistoallegro:10035 
DEBUG:2022-11-07 10:27:55,490 http://callistoallegro:10035 "GET /repositories HTTP/1.1" 200 None 
DEBUG:2022-11-07 10:27:55,491 Call get_operations 
DEBUG:2022-11-07 10:27:55,491 PREFIX profile: <http://www.daml.org/services/owl-s/1.2/Profile.owl#>
            PREFIX service: <http://www.daml.org/services/owl-s/1.2/Service.owl#>
            PREFIX arcas: <http://www.callisto.calmip.univ-toulouse.fr/ARCAS.rdf#>
            PREFIX rdfsns: <http://www.w3.org/2000/01/rdf-schema#>
            SELECT DISTINCT ?service ?information ?information_label ?definition ?profdef ?param_out ?param_in ?label_first_out ?firstdef
            WHERE { 
            <http://www.callisto.calmip.univ-toulouse.fr/demonstration.rdf#FDV_684> arcas:hasOutput ?out .
            <http://www.callisto.calmip.univ-toulouse.fr/demonstration.rdf#FDV_684> service:presents ?firstprofile .
            OPTIONAL {
                <http://www.callisto.calmip.univ-toulouse.fr/demonstration.rdf#FDV_684> arcas:hasInput ?in2 .
                ?in2 arcas:isCombinedToParam ?param_in .
            }
            ?firstprofile profile:textDescription ?firstdef.
            ?out arcas:isCombinedToParam ?param_out .
            ?out arcas:isCombinedToFormat ?format_out .
            ?out arcas:isCombinedToUnit ?unit_out .
            ?param_out rdfs:label ?label_first_out .
            ?service profile:hasInput ?out2 .
            ?out2 arcas:isCombinedToParam ?param_out .
            ?service arcas:hasOutput ?out3 .
            ?out3 arcas:isCombinedToParam ?information .
            ?information rdfsns:isDefinedBy ?definition.
            OPTIONAL {
                ?information rdfs:label ?information_label .
            }
            ?service service:presents ?profile .
            ?profile  profile:textDescription ?profdef.
            } 
DEBUG:2022-11-07 10:27:55,498 Starting new HTTP connection (1): callistoallegro:10035 
DEBUG:2022-11-07 10:27:55,511 http://callistoallegro:10035 "GET /repositories/demonstration?query=PREFIX%20profile%3A%20%3Chttp%3A//www.daml.org/services/owl-s/1.2/Profile.owl%23%3E%0A%20%20%20%20%20%20%20%20%20%20%20%20PREFIX%20service%3A%20%3Chttp%3A//www.daml.org/services/owl-s/1.2/Service.owl%23%3E%0A%20%20%20%20%20%20%20%20%20%20%20%20PREFIX%20arcas%3A%20%3Chttp%3A//www.callisto.calmip.univ-toulouse.fr/ARCAS.rdf%23%3E%0A%20%20%20%20%20%20%20%20%20%20%20%20PREFIX%20rdfsns%3A%20%3Chttp%3A//www.w3.org/2000/01/rdf-schema%23%3E%0A%20%20%20%20%20%20%20%20%20%20%20%20SELECT%20DISTINCT%20%3Fservice%20%3Finformation%20%3Finformation_label%20%3Fdefinition%20%3Fprofdef%20%3Fparam_out%20%3Fparam_in%20%3Flabel_first_out%20%3Ffirstdef%0A%20%20%20%20%20%20%20%20%20%20%20%20WHERE%20%7B%20%0A%20%20%20%20%20%20%20%20%20%20%20%20%3Chttp%3A//www.callisto.calmip.univ-toulouse.fr/demonstration.rdf%23FDV_684%3E%20arcas%3AhasOutput%20%3Fout%20.%0A%20%20%20%20%20%20%20%20%20%20%20%20%3Chttp%3A//www.callisto.calmip.univ-toulouse.fr/demonstration.rdf%23FDV_684%3E%20service%3Apresents%20%3Ffirstprofile%20.%0A%20%20%20%20%20%20%20%20%20%20%20%20OPTIONAL%20%7B%0A%20%20%20%20%20%20%20%20%20%20%20%20%20%20%20%20%3Chttp%3A//www.callisto.calmip.univ-toulouse.fr/demonstration.rdf%23FDV_684%3E%20arcas%3AhasInput%20%3Fin2%20.%0A%20%20%20%20%20%20%20%20%20%20%20%20%20%20%20%20%3Fin2%20arcas%3AisCombinedToParam%20%3Fparam_in%20.%0A%20%20%20%20%20%20%20%20%20%20%20%20%7D%0A%20%20%20%20%20%20%20%20%20%20%20%20%3Ffirstprofile%20profile%3AtextDescription%20%3Ffirstdef.%0A%20%20%20%20%20%20%20%20%20%20%20%20%3Fout%20arcas%3AisCombinedToParam%20%3Fparam_out%20.%0A%20%20%20%20%20%20%20%20%20%20%20%20%3Fout%20arcas%3AisCombinedToFormat%20%3Fformat_out%20.%0A%20%20%20%20%20%20%20%20%20%20%20%20%3Fout%20arcas%3AisCombinedToUnit%20%3Funit_out%20.%0A%20%20%20%20%20%20%20%20%20%20%20%20%3Fparam_out%20rdfs%3Alabel%20%3Flabel_first_out%20.%0A%20%20%20%20%20%20%20%20%20%20%20%20%3Fservice%20profile%3AhasInput%20%3Fout2%20.%0A%20%20%20%20%20%20%20%20%20%20%20%20%3Fout2%20arcas%3AisCombinedToParam%20%3Fparam_out%20.%0A%20%20%20%20%20%20%20%20%20%20%20%20%3Fservice%20arcas%3AhasOutput%20%3Fout3%20.%0A%20%20%20%20%20%20%20%20%20%20%20%20%3Fout3%20arcas%3AisCombinedToParam%20%3Finformation%20.%0A%20%20%20%20%20%20%20%20%20%20%20%20%3Finformation%20rdfsns%3AisDefinedBy%20%3Fdefinition.%0A%20%20%20%20%20%20%20%20%20%20%20%20OPTIONAL%20%7B%0A%20%20%20%20%20%20%20%20%20%20%20%20%20%20%20%20%3Finformation%20rdfs%3Alabel%20%3Finformation_label%20.%0A%20%20%20%20%20%20%20%20%20%20%20%20%7D%0A%20%20%20%20%20%20%20%20%20%20%20%20%3Fservice%20service%3Apresents%20%3Fprofile%20.%0A%20%20%20%20%20%20%20%20%20%20%20%20%3Fprofile%20%20profile%3AtextDescription%20%3Fprofdef.%0A%20%20%20%20%20%20%20%20%20%20%20%20%7D&infer=false&checkVariables=false&analyzeIndicesUsed=false&returnQueryMetadata=true HTTP/1.1" 200 None 
INFO:2022-11-07 10:27:55,511 New service:http://www.callisto.calmip.univ-toulouse.fr/demonstration.rdf#1667810635.229002 
DEBUG:2022-11-07 10:27:55,512 Adding http://www.callisto.calmip.univ-toulouse.fr/demonstration.rdf#1667810635.229002 To the list of operations 
DEBUG:2022-11-07 10:27:55,512 <http://edamontology.org/data_0972> 
DEBUG:2022-11-07 10:27:55,512 "An abstract of the results of text mining." 
DEBUG:2022-11-07 10:27:55,512 "This service counts the number of words of given letters from an input ascii file " 
DEBUG:2022-11-07 10:27:55,512 <http://www.callisto.calmip.univ-toulouse.fr/demonstration.rdf#textualcontent> 
DEBUG:2022-11-07 10:27:55,512 <http://www.callisto.calmip.univ-toulouse.fr/ARCAS.rdf#ApiKeyValue> 
DEBUG:2022-11-07 10:27:55,512 "textual content" 
DEBUG:2022-11-07 10:27:55,512 "Un fichier de texte avec des lignes de mots" 
DEBUG:2022-11-07 10:27:55,512 "Text mining report" 
INFO:2022-11-07 10:27:55,512 New service:http://www.callisto.calmip.univ-toulouse.fr/demonstration.rdf#1667810653.3967264 
DEBUG:2022-11-07 10:27:55,512 Adding http://www.callisto.calmip.univ-toulouse.fr/demonstration.rdf#1667810653.3967264 To the list of operations 
DEBUG:2022-11-07 10:27:55,512 <http://edamontology.org/data_0972> 
DEBUG:2022-11-07 10:27:55,512 "An abstract of the results of text mining." 
DEBUG:2022-11-07 10:27:55,512 "This service counts the number of words of more than 7 letters from an input ascii file " 
DEBUG:2022-11-07 10:27:55,513 <http://www.callisto.calmip.univ-toulouse.fr/demonstration.rdf#textualcontent> 
DEBUG:2022-11-07 10:27:55,513 <http://www.callisto.calmip.univ-toulouse.fr/ARCAS.rdf#ApiKeyValue> 
DEBUG:2022-11-07 10:27:55,513 "textual content" 
DEBUG:2022-11-07 10:27:55,513 "Un fichier de texte avec des lignes de mots" 
DEBUG:2022-11-07 10:27:55,513 "Text mining report" 
INFO:2022-11-07 10:27:55,513 Removing http://www.callisto.calmip.univ-toulouse.fr/demonstration.rdf#FDV_684 from the list of input services 
INFO:2022-11-07 10:27:55,513 New operation Found 
DEBUG:2022-11-07 10:27:55,513 PREFIX profile: <http://www.daml.org/services/owl-s/1.2/Profile.owl#>
            PREFIX service: <http://www.daml.org/services/owl-s/1.2/Service.owl#>
            PREFIX arcas: <http://www.callisto.calmip.univ-toulouse.fr/ARCAS.rdf#>
            PREFIX rdfsns: <http://www.w3.org/2000/01/rdf-schema#>
            SELECT DISTINCT ?service ?information ?information_label ?definition ?profdef ?param_out ?param_in ?label_first_out ?firstdef
            WHERE { 
            <http://www.callisto.calmip.univ-toulouse.fr/demonstration.rdf#1667810635.229002> arcas:hasOutput ?out .
            <http://www.callisto.calmip.univ-toulouse.fr/demonstration.rdf#1667810635.229002> service:presents ?firstprofile .
            OPTIONAL {
                <http://www.callisto.calmip.univ-toulouse.fr/demonstration.rdf#1667810635.229002> arcas:hasInput ?in2 .
                ?in2 arcas:isCombinedToParam ?param_in .
            }
            ?firstprofile profile:textDescription ?firstdef.
            ?out arcas:isCombinedToParam ?param_out .
            ?out arcas:isCombinedToFormat ?format_out .
            ?out arcas:isCombinedToUnit ?unit_out .
            ?param_out rdfs:label ?label_first_out .
            ?service profile:hasInput ?out2 .
            ?out2 arcas:isCombinedToParam ?param_out .
            ?service arcas:hasOutput ?out3 .
            ?out3 arcas:isCombinedToParam ?information .
            ?information rdfsns:isDefinedBy ?definition.
            OPTIONAL {
                ?information rdfs:label ?information_label .
            }
            ?service service:presents ?profile .
            ?profile  profile:textDescription ?profdef.
            } 
DEBUG:2022-11-07 10:27:55,531 http://callistoallegro:10035 "GET /repositories/demonstration?query=PREFIX%20profile%3A%20%3Chttp%3A//www.daml.org/services/owl-s/1.2/Profile.owl%23%3E%0A%20%20%20%20%20%20%20%20%20%20%20%20PREFIX%20service%3A%20%3Chttp%3A//www.daml.org/services/owl-s/1.2/Service.owl%23%3E%0A%20%20%20%20%20%20%20%20%20%20%20%20PREFIX%20arcas%3A%20%3Chttp%3A//www.callisto.calmip.univ-toulouse.fr/ARCAS.rdf%23%3E%0A%20%20%20%20%20%20%20%20%20%20%20%20PREFIX%20rdfsns%3A%20%3Chttp%3A//www.w3.org/2000/01/rdf-schema%23%3E%0A%20%20%20%20%20%20%20%20%20%20%20%20SELECT%20DISTINCT%20%3Fservice%20%3Finformation%20%3Finformation_label%20%3Fdefinition%20%3Fprofdef%20%3Fparam_out%20%3Fparam_in%20%3Flabel_first_out%20%3Ffirstdef%0A%20%20%20%20%20%20%20%20%20%20%20%20WHERE%20%7B%20%0A%20%20%20%20%20%20%20%20%20%20%20%20%3Chttp%3A//www.callisto.calmip.univ-toulouse.fr/demonstration.rdf%231667810635.229002%3E%20arcas%3AhasOutput%20%3Fout%20.%0A%20%20%20%20%20%20%20%20%20%20%20%20%3Chttp%3A//www.callisto.calmip.univ-toulouse.fr/demonstration.rdf%231667810635.229002%3E%20service%3Apresents%20%3Ffirstprofile%20.%0A%20%20%20%20%20%20%20%20%20%20%20%20OPTIONAL%20%7B%0A%20%20%20%20%20%20%20%20%20%20%20%20%20%20%20%20%3Chttp%3A//www.callisto.calmip.univ-toulouse.fr/demonstration.rdf%231667810635.229002%3E%20arcas%3AhasInput%20%3Fin2%20.%0A%20%20%20%20%20%20%20%20%20%20%20%20%20%20%20%20%3Fin2%20arcas%3AisCombinedToParam%20%3Fparam_in%20.%0A%20%20%20%20%20%20%20%20%20%20%20%20%7D%0A%20%20%20%20%20%20%20%20%20%20%20%20%3Ffirstprofile%20profile%3AtextDescription%20%3Ffirstdef.%0A%20%20%20%20%20%20%20%20%20%20%20%20%3Fout%20arcas%3AisCombinedToParam%20%3Fparam_out%20.%0A%20%20%20%20%20%20%20%20%20%20%20%20%3Fout%20arcas%3AisCombinedToFormat%20%3Fformat_out%20.%0A%20%20%20%20%20%20%20%20%20%20%20%20%3Fout%20arcas%3AisCombinedToUnit%20%3Funit_out%20.%0A%20%20%20%20%20%20%20%20%20%20%20%20%3Fparam_out%20rdfs%3Alabel%20%3Flabel_first_out%20.%0A%20%20%20%20%20%20%20%20%20%20%20%20%3Fservice%20profile%3AhasInput%20%3Fout2%20.%0A%20%20%20%20%20%20%20%20%20%20%20%20%3Fout2%20arcas%3AisCombinedToParam%20%3Fparam_out%20.%0A%20%20%20%20%20%20%20%20%20%20%20%20%3Fservice%20arcas%3AhasOutput%20%3Fout3%20.%0A%20%20%20%20%20%20%20%20%20%20%20%20%3Fout3%20arcas%3AisCombinedToParam%20%3Finformation%20.%0A%20%20%20%20%20%20%20%20%20%20%20%20%3Finformation%20rdfsns%3AisDefinedBy%20%3Fdefinition.%0A%20%20%20%20%20%20%20%20%20%20%20%20OPTIONAL%20%7B%0A%20%20%20%20%20%20%20%20%20%20%20%20%20%20%20%20%3Finformation%20rdfs%3Alabel%20%3Finformation_label%20.%0A%20%20%20%20%20%20%20%20%20%20%20%20%7D%0A%20%20%20%20%20%20%20%20%20%20%20%20%3Fservice%20service%3Apresents%20%3Fprofile%20.%0A%20%20%20%20%20%20%20%20%20%20%20%20%3Fprofile%20%20profile%3AtextDescription%20%3Fprofdef.%0A%20%20%20%20%20%20%20%20%20%20%20%20%7D&infer=false&checkVariables=false&analyzeIndicesUsed=false&returnQueryMetadata=true HTTP/1.1" 200 None 
INFO:2022-11-07 10:27:55,531 New service:http://www.callisto.calmip.univ-toulouse.fr/demonstration.rdf#1667810660.461539 
DEBUG:2022-11-07 10:27:55,532 Adding http://www.callisto.calmip.univ-toulouse.fr/demonstration.rdf#1667810660.461539 To the list of operations 
DEBUG:2022-11-07 10:27:55,532 <http://www.callisto.calmip.univ-toulouse.fr/demonstration.rdf#scatterpoints> 
DEBUG:2022-11-07 10:27:55,532 "A graphic visualization of data composed of scattered points" 
DEBUG:2022-11-07 10:27:55,532 "This service plots contents from a csv file" 
DEBUG:2022-11-07 10:27:55,532 <http://edamontology.org/data_0972> 
DEBUG:2022-11-07 10:27:55,532 None 
DEBUG:2022-11-07 10:27:55,532 "Text mining report" 
DEBUG:2022-11-07 10:27:55,532 "This service counts the number of words of given letters from an input ascii file " 
DEBUG:2022-11-07 10:27:55,532 "scatter points" 
INFO:2022-11-07 10:27:55,532 New service:http://www.callisto.calmip.univ-toulouse.fr/demonstration.rdf#1667810660.461539 
INFO:2022-11-07 10:27:55,532 Removing http://www.callisto.calmip.univ-toulouse.fr/demonstration.rdf#1667810635.229002 from the list of input services 
DEBUG:2022-11-07 10:27:55,532 PREFIX profile: <http://www.daml.org/services/owl-s/1.2/Profile.owl#>
            PREFIX service: <http://www.daml.org/services/owl-s/1.2/Service.owl#>
            PREFIX arcas: <http://www.callisto.calmip.univ-toulouse.fr/ARCAS.rdf#>
            PREFIX rdfsns: <http://www.w3.org/2000/01/rdf-schema#>
            SELECT DISTINCT ?service ?information ?information_label ?definition ?profdef ?param_out ?param_in ?label_first_out ?firstdef
            WHERE { 
            <http://www.callisto.calmip.univ-toulouse.fr/demonstration.rdf#1667810653.3967264> arcas:hasOutput ?out .
            <http://www.callisto.calmip.univ-toulouse.fr/demonstration.rdf#1667810653.3967264> service:presents ?firstprofile .
            OPTIONAL {
                <http://www.callisto.calmip.univ-toulouse.fr/demonstration.rdf#1667810653.3967264> arcas:hasInput ?in2 .
                ?in2 arcas:isCombinedToParam ?param_in .
            }
            ?firstprofile profile:textDescription ?firstdef.
            ?out arcas:isCombinedToParam ?param_out .
            ?out arcas:isCombinedToFormat ?format_out .
            ?out arcas:isCombinedToUnit ?unit_out .
            ?param_out rdfs:label ?label_first_out .
            ?service profile:hasInput ?out2 .
            ?out2 arcas:isCombinedToParam ?param_out .
            ?service arcas:hasOutput ?out3 .
            ?out3 arcas:isCombinedToParam ?information .
            ?information rdfsns:isDefinedBy ?definition.
            OPTIONAL {
                ?information rdfs:label ?information_label .
            }
            ?service service:presents ?profile .
            ?profile  profile:textDescription ?profdef.
            } 
DEBUG:2022-11-07 10:27:55,550 http://callistoallegro:10035 "GET /repositories/demonstration?query=PREFIX%20profile%3A%20%3Chttp%3A//www.daml.org/services/owl-s/1.2/Profile.owl%23%3E%0A%20%20%20%20%20%20%20%20%20%20%20%20PREFIX%20service%3A%20%3Chttp%3A//www.daml.org/services/owl-s/1.2/Service.owl%23%3E%0A%20%20%20%20%20%20%20%20%20%20%20%20PREFIX%20arcas%3A%20%3Chttp%3A//www.callisto.calmip.univ-toulouse.fr/ARCAS.rdf%23%3E%0A%20%20%20%20%20%20%20%20%20%20%20%20PREFIX%20rdfsns%3A%20%3Chttp%3A//www.w3.org/2000/01/rdf-schema%23%3E%0A%20%20%20%20%20%20%20%20%20%20%20%20SELECT%20DISTINCT%20%3Fservice%20%3Finformation%20%3Finformation_label%20%3Fdefinition%20%3Fprofdef%20%3Fparam_out%20%3Fparam_in%20%3Flabel_first_out%20%3Ffirstdef%0A%20%20%20%20%20%20%20%20%20%20%20%20WHERE%20%7B%20%0A%20%20%20%20%20%20%20%20%20%20%20%20%3Chttp%3A//www.callisto.calmip.univ-toulouse.fr/demonstration.rdf%231667810653.3967264%3E%20arcas%3AhasOutput%20%3Fout%20.%0A%20%20%20%20%20%20%20%20%20%20%20%20%3Chttp%3A//www.callisto.calmip.univ-toulouse.fr/demonstration.rdf%231667810653.3967264%3E%20service%3Apresents%20%3Ffirstprofile%20.%0A%20%20%20%20%20%20%20%20%20%20%20%20OPTIONAL%20%7B%0A%20%20%20%20%20%20%20%20%20%20%20%20%20%20%20%20%3Chttp%3A//www.callisto.calmip.univ-toulouse.fr/demonstration.rdf%231667810653.3967264%3E%20arcas%3AhasInput%20%3Fin2%20.%0A%20%20%20%20%20%20%20%20%20%20%20%20%20%20%20%20%3Fin2%20arcas%3AisCombinedToParam%20%3Fparam_in%20.%0A%20%20%20%20%20%20%20%20%20%20%20%20%7D%0A%20%20%20%20%20%20%20%20%20%20%20%20%3Ffirstprofile%20profile%3AtextDescription%20%3Ffirstdef.%0A%20%20%20%20%20%20%20%20%20%20%20%20%3Fout%20arcas%3AisCombinedToParam%20%3Fparam_out%20.%0A%20%20%20%20%20%20%20%20%20%20%20%20%3Fout%20arcas%3AisCombinedToFormat%20%3Fformat_out%20.%0A%20%20%20%20%20%20%20%20%20%20%20%20%3Fout%20arcas%3AisCombinedToUnit%20%3Funit_out%20.%0A%20%20%20%20%20%20%20%20%20%20%20%20%3Fparam_out%20rdfs%3Alabel%20%3Flabel_first_out%20.%0A%20%20%20%20%20%20%20%20%20%20%20%20%3Fservice%20profile%3AhasInput%20%3Fout2%20.%0A%20%20%20%20%20%20%20%20%20%20%20%20%3Fout2%20arcas%3AisCombinedToParam%20%3Fparam_out%20.%0A%20%20%20%20%20%20%20%20%20%20%20%20%3Fservice%20arcas%3AhasOutput%20%3Fout3%20.%0A%20%20%20%20%20%20%20%20%20%20%20%20%3Fout3%20arcas%3AisCombinedToParam%20%3Finformation%20.%0A%20%20%20%20%20%20%20%20%20%20%20%20%3Finformation%20rdfsns%3AisDefinedBy%20%3Fdefinition.%0A%20%20%20%20%20%20%20%20%20%20%20%20OPTIONAL%20%7B%0A%20%20%20%20%20%20%20%20%20%20%20%20%20%20%20%20%3Finformation%20rdfs%3Alabel%20%3Finformation_label%20.%0A%20%20%20%20%20%20%20%20%20%20%20%20%7D%0A%20%20%20%20%20%20%20%20%20%20%20%20%3Fservice%20service%3Apresents%20%3Fprofile%20.%0A%20%20%20%20%20%20%20%20%20%20%20%20%3Fprofile%20%20profile%3AtextDescription%20%3Fprofdef.%0A%20%20%20%20%20%20%20%20%20%20%20%20%7D&infer=false&checkVariables=false&analyzeIndicesUsed=false&returnQueryMetadata=true HTTP/1.1" 200 None 
INFO:2022-11-07 10:27:55,550 New service:http://www.callisto.calmip.univ-toulouse.fr/demonstration.rdf#1667810660.461539 
INFO:2022-11-07 10:27:55,550 New service:http://www.callisto.calmip.univ-toulouse.fr/demonstration.rdf#1667810660.461539 
INFO:2022-11-07 10:27:55,551 Removing http://www.callisto.calmip.univ-toulouse.fr/demonstration.rdf#1667810653.3967264 from the list of input services 
INFO:2022-11-07 10:27:55,551 New operation Found 
DEBUG:2022-11-07 10:27:55,551 PREFIX profile: <http://www.daml.org/services/owl-s/1.2/Profile.owl#>
            PREFIX service: <http://www.daml.org/services/owl-s/1.2/Service.owl#>
            PREFIX arcas: <http://www.callisto.calmip.univ-toulouse.fr/ARCAS.rdf#>
            PREFIX rdfsns: <http://www.w3.org/2000/01/rdf-schema#>
            SELECT DISTINCT ?service ?information ?information_label ?definition ?profdef ?param_out ?param_in ?label_first_out ?firstdef
            WHERE { 
            <http://www.callisto.calmip.univ-toulouse.fr/demonstration.rdf#1667810660.461539> arcas:hasOutput ?out .
            <http://www.callisto.calmip.univ-toulouse.fr/demonstration.rdf#1667810660.461539> service:presents ?firstprofile .
            OPTIONAL {
                <http://www.callisto.calmip.univ-toulouse.fr/demonstration.rdf#1667810660.461539> arcas:hasInput ?in2 .
                ?in2 arcas:isCombinedToParam ?param_in .
            }
            ?firstprofile profile:textDescription ?firstdef.
            ?out arcas:isCombinedToParam ?param_out .
            ?out arcas:isCombinedToFormat ?format_out .
            ?out arcas:isCombinedToUnit ?unit_out .
            ?param_out rdfs:label ?label_first_out .
            ?service profile:hasInput ?out2 .
            ?out2 arcas:isCombinedToParam ?param_out .
            ?service arcas:hasOutput ?out3 .
            ?out3 arcas:isCombinedToParam ?information .
            ?information rdfsns:isDefinedBy ?definition.
            OPTIONAL {
                ?information rdfs:label ?information_label .
            }
            ?service service:presents ?profile .
            ?profile  profile:textDescription ?profdef.
            } 
DEBUG:2022-11-07 10:27:55,567 http://callistoallegro:10035 "GET /repositories/demonstration?query=PREFIX%20profile%3A%20%3Chttp%3A//www.daml.org/services/owl-s/1.2/Profile.owl%23%3E%0A%20%20%20%20%20%20%20%20%20%20%20%20PREFIX%20service%3A%20%3Chttp%3A//www.daml.org/services/owl-s/1.2/Service.owl%23%3E%0A%20%20%20%20%20%20%20%20%20%20%20%20PREFIX%20arcas%3A%20%3Chttp%3A//www.callisto.calmip.univ-toulouse.fr/ARCAS.rdf%23%3E%0A%20%20%20%20%20%20%20%20%20%20%20%20PREFIX%20rdfsns%3A%20%3Chttp%3A//www.w3.org/2000/01/rdf-schema%23%3E%0A%20%20%20%20%20%20%20%20%20%20%20%20SELECT%20DISTINCT%20%3Fservice%20%3Finformation%20%3Finformation_label%20%3Fdefinition%20%3Fprofdef%20%3Fparam_out%20%3Fparam_in%20%3Flabel_first_out%20%3Ffirstdef%0A%20%20%20%20%20%20%20%20%20%20%20%20WHERE%20%7B%20%0A%20%20%20%20%20%20%20%20%20%20%20%20%3Chttp%3A//www.callisto.calmip.univ-toulouse.fr/demonstration.rdf%231667810660.461539%3E%20arcas%3AhasOutput%20%3Fout%20.%0A%20%20%20%20%20%20%20%20%20%20%20%20%3Chttp%3A//www.callisto.calmip.univ-toulouse.fr/demonstration.rdf%231667810660.461539%3E%20service%3Apresents%20%3Ffirstprofile%20.%0A%20%20%20%20%20%20%20%20%20%20%20%20OPTIONAL%20%7B%0A%20%20%20%20%20%20%20%20%20%20%20%20%20%20%20%20%3Chttp%3A//www.callisto.calmip.univ-toulouse.fr/demonstration.rdf%231667810660.461539%3E%20arcas%3AhasInput%20%3Fin2%20.%0A%20%20%20%20%20%20%20%20%20%20%20%20%20%20%20%20%3Fin2%20arcas%3AisCombinedToParam%20%3Fparam_in%20.%0A%20%20%20%20%20%20%20%20%20%20%20%20%7D%0A%20%20%20%20%20%20%20%20%20%20%20%20%3Ffirstprofile%20profile%3AtextDescription%20%3Ffirstdef.%0A%20%20%20%20%20%20%20%20%20%20%20%20%3Fout%20arcas%3AisCombinedToParam%20%3Fparam_out%20.%0A%20%20%20%20%20%20%20%20%20%20%20%20%3Fout%20arcas%3AisCombinedToFormat%20%3Fformat_out%20.%0A%20%20%20%20%20%20%20%20%20%20%20%20%3Fout%20arcas%3AisCombinedToUnit%20%3Funit_out%20.%0A%20%20%20%20%20%20%20%20%20%20%20%20%3Fparam_out%20rdfs%3Alabel%20%3Flabel_first_out%20.%0A%20%20%20%20%20%20%20%20%20%20%20%20%3Fservice%20profile%3AhasInput%20%3Fout2%20.%0A%20%20%20%20%20%20%20%20%20%20%20%20%3Fout2%20arcas%3AisCombinedToParam%20%3Fparam_out%20.%0A%20%20%20%20%20%20%20%20%20%20%20%20%3Fservice%20arcas%3AhasOutput%20%3Fout3%20.%0A%20%20%20%20%20%20%20%20%20%20%20%20%3Fout3%20arcas%3AisCombinedToParam%20%3Finformation%20.%0A%20%20%20%20%20%20%20%20%20%20%20%20%3Finformation%20rdfsns%3AisDefinedBy%20%3Fdefinition.%0A%20%20%20%20%20%20%20%20%20%20%20%20OPTIONAL%20%7B%0A%20%20%20%20%20%20%20%20%20%20%20%20%20%20%20%20%3Finformation%20rdfs%3Alabel%20%3Finformation_label%20.%0A%20%20%20%20%20%20%20%20%20%20%20%20%7D%0A%20%20%20%20%20%20%20%20%20%20%20%20%3Fservice%20service%3Apresents%20%3Fprofile%20.%0A%20%20%20%20%20%20%20%20%20%20%20%20%3Fprofile%20%20profile%3AtextDescription%20%3Fprofdef.%0A%20%20%20%20%20%20%20%20%20%20%20%20%7D&infer=false&checkVariables=false&analyzeIndicesUsed=false&returnQueryMetadata=true HTTP/1.1" 200 None 
INFO:2022-11-07 10:27:55,568 Removing http://www.callisto.calmip.univ-toulouse.fr/demonstration.rdf#1667810660.461539 from the list of input services 
INFO:2022-11-07 10:27:55,568 No further operation 
DEBUG:2022-11-07 10:27:55,568 PREFIX myont: <http://www.callisto.calmip.univ-toulouse.fr/demonstration.rdf#>
        PREFIX profile: <http://www.daml.org/services/owl-s/1.2/Profile.owl#>
        PREFIX service: <http://www.daml.org/services/owl-s/1.2/Service.owl#>
        PREFIX arcas: <http://www.callisto.calmip.univ-toulouse.fr/ARCAS.rdf#>
        PREFIX rdfsns: <http://www.w3.org/2000/01/rdf-schema#>
        SELECT DISTINCT ?url ?soft ?description
        WHERE { 
        <http://www.callisto.calmip.univ-toulouse.fr/demonstration.rdf#FDV_684> service:presents ?profile.
        ?profile arcas:hasQuerySoftware ?soft_profile.
        OPTIONAL {?soft_profile rdfsns:label ?soft.}
        <http://www.callisto.calmip.univ-toulouse.fr/demonstration.rdf#FDV_684> arcas:isAccessedThrough ?address.
        ?address rdfsns:isDefinedBy ?url.
        OPTIONAL {
        <http://www.callisto.calmip.univ-toulouse.fr/demonstration.rdf#FDV_684> service:presents ?profile.
        ?profile profile:textDescription ?description.
        }} 
DEBUG:2022-11-07 10:27:55,579 http://callistoallegro:10035 "GET /repositories/demonstration?query=PREFIX%20myont%3A%20%3Chttp%3A//www.callisto.calmip.univ-toulouse.fr/demonstration.rdf%23%3E%0A%20%20%20%20%20%20%20%20PREFIX%20profile%3A%20%3Chttp%3A//www.daml.org/services/owl-s/1.2/Profile.owl%23%3E%0A%20%20%20%20%20%20%20%20PREFIX%20service%3A%20%3Chttp%3A//www.daml.org/services/owl-s/1.2/Service.owl%23%3E%0A%20%20%20%20%20%20%20%20PREFIX%20arcas%3A%20%3Chttp%3A//www.callisto.calmip.univ-toulouse.fr/ARCAS.rdf%23%3E%0A%20%20%20%20%20%20%20%20PREFIX%20rdfsns%3A%20%3Chttp%3A//www.w3.org/2000/01/rdf-schema%23%3E%0A%20%20%20%20%20%20%20%20SELECT%20DISTINCT%20%3Furl%20%3Fsoft%20%3Fdescription%0A%20%20%20%20%20%20%20%20WHERE%20%7B%20%0A%20%20%20%20%20%20%20%20%3Chttp%3A//www.callisto.calmip.univ-toulouse.fr/demonstration.rdf%23FDV_684%3E%20service%3Apresents%20%3Fprofile.%0A%20%20%20%20%20%20%20%20%3Fprofile%20arcas%3AhasQuerySoftware%20%3Fsoft_profile.%0A%20%20%20%20%20%20%20%20OPTIONAL%20%7B%3Fsoft_profile%20rdfsns%3Alabel%20%3Fsoft.%7D%0A%20%20%20%20%20%20%20%20%3Chttp%3A//www.callisto.calmip.univ-toulouse.fr/demonstration.rdf%23FDV_684%3E%20arcas%3AisAccessedThrough%20%3Faddress.%0A%20%20%20%20%20%20%20%20%3Faddress%20rdfsns%3AisDefinedBy%20%3Furl.%0A%20%20%20%20%20%20%20%20OPTIONAL%20%7B%0A%20%20%20%20%20%20%20%20%3Chttp%3A//www.callisto.calmip.univ-toulouse.fr/demonstration.rdf%23FDV_684%3E%20service%3Apresents%20%3Fprofile.%0A%20%20%20%20%20%20%20%20%3Fprofile%20profile%3AtextDescription%20%3Fdescription.%0A%20%20%20%20%20%20%20%20%7D%7D&infer=false&checkVariables=false&analyzeIndicesUsed=false&returnQueryMetadata=true HTTP/1.1" 200 None 
DEBUG:2022-11-07 10:27:55,580 description:"Un fichier de texte avec des lignes de mots" 
DEBUG:2022-11-07 10:27:55,580 ---> operation 0:[<http://www.callisto.calmip.univ-toulouse.fr/demonstration.rdf#1667810635.229002>, <http://edamontology.org/data_0972>, "An abstract of the results of text mining.", "This service counts the number of words of given letters from an input ascii file ", <http://www.callisto.calmip.univ-toulouse.fr/demonstration.rdf#textualcontent>, <http://www.callisto.calmip.univ-toulouse.fr/ARCAS.rdf#ApiKeyValue>, "textual content", "Un fichier de texte avec des lignes de mots", "Text mining report"] 
DEBUG:2022-11-07 10:27:55,580 ---> url_soft:["get_dataset.py", "Callistodataverse:8080/api/access/datafile/684?key=", "Un fichier de texte avec des lignes de mots"]soft:get_dataset.py 
DEBUG:2022-11-07 10:27:55,580 Next debugging message is general file content 
DEBUG:2022-11-07 10:27:55,580 "textual content" 
DEBUG:2022-11-07 10:27:55,580 service:S0,textualcontent
 
DEBUG:2022-11-07 10:27:55,580 ---> operation audela de 0:[<http://www.callisto.calmip.univ-toulouse.fr/demonstration.rdf#1667810635.229002>, <http://edamontology.org/data_0972>, "An abstract of the results of text mining.", "This service counts the number of words of given letters from an input ascii file ", <http://www.callisto.calmip.univ-toulouse.fr/demonstration.rdf#textualcontent>, <http://www.callisto.calmip.univ-toulouse.fr/ARCAS.rdf#ApiKeyValue>, "textual content", "Un fichier de texte avec des lignes de mots", "Text mining report"] 
DEBUG:2022-11-07 10:27:55,580 PREFIX myont: <http://www.callisto.calmip.univ-toulouse.fr/demonstration.rdf#>
        PREFIX profile: <http://www.daml.org/services/owl-s/1.2/Profile.owl#>
        PREFIX service: <http://www.daml.org/services/owl-s/1.2/Service.owl#>
        PREFIX arcas: <http://www.callisto.calmip.univ-toulouse.fr/ARCAS.rdf#>
        PREFIX rdfsns: <http://www.w3.org/2000/01/rdf-schema#>
        SELECT DISTINCT ?url ?soft ?description
        WHERE { 
        <http://www.callisto.calmip.univ-toulouse.fr/demonstration.rdf#1667810635.229002> service:presents ?profile.
        ?profile arcas:hasQuerySoftware ?soft_profile.
        OPTIONAL {?soft_profile rdfsns:label ?soft.}
        <http://www.callisto.calmip.univ-toulouse.fr/demonstration.rdf#1667810635.229002> arcas:isAccessedThrough ?address.
        ?address rdfsns:isDefinedBy ?url.
        OPTIONAL {
        <http://www.callisto.calmip.univ-toulouse.fr/demonstration.rdf#1667810635.229002> service:presents ?profile.
        ?profile profile:textDescription ?description.
        }} 
DEBUG:2022-11-07 10:27:55,596 http://callistoallegro:10035 "GET /repositories/demonstration?query=PREFIX%20myont%3A%20%3Chttp%3A//www.callisto.calmip.univ-toulouse.fr/demonstration.rdf%23%3E%0A%20%20%20%20%20%20%20%20PREFIX%20profile%3A%20%3Chttp%3A//www.daml.org/services/owl-s/1.2/Profile.owl%23%3E%0A%20%20%20%20%20%20%20%20PREFIX%20service%3A%20%3Chttp%3A//www.daml.org/services/owl-s/1.2/Service.owl%23%3E%0A%20%20%20%20%20%20%20%20PREFIX%20arcas%3A%20%3Chttp%3A//www.callisto.calmip.univ-toulouse.fr/ARCAS.rdf%23%3E%0A%20%20%20%20%20%20%20%20PREFIX%20rdfsns%3A%20%3Chttp%3A//www.w3.org/2000/01/rdf-schema%23%3E%0A%20%20%20%20%20%20%20%20SELECT%20DISTINCT%20%3Furl%20%3Fsoft%20%3Fdescription%0A%20%20%20%20%20%20%20%20WHERE%20%7B%20%0A%20%20%20%20%20%20%20%20%3Chttp%3A//www.callisto.calmip.univ-toulouse.fr/demonstration.rdf%231667810635.229002%3E%20service%3Apresents%20%3Fprofile.%0A%20%20%20%20%20%20%20%20%3Fprofile%20arcas%3AhasQuerySoftware%20%3Fsoft_profile.%0A%20%20%20%20%20%20%20%20OPTIONAL%20%7B%3Fsoft_profile%20rdfsns%3Alabel%20%3Fsoft.%7D%0A%20%20%20%20%20%20%20%20%3Chttp%3A//www.callisto.calmip.univ-toulouse.fr/demonstration.rdf%231667810635.229002%3E%20arcas%3AisAccessedThrough%20%3Faddress.%0A%20%20%20%20%20%20%20%20%3Faddress%20rdfsns%3AisDefinedBy%20%3Furl.%0A%20%20%20%20%20%20%20%20OPTIONAL%20%7B%0A%20%20%20%20%20%20%20%20%3Chttp%3A//www.callisto.calmip.univ-toulouse.fr/demonstration.rdf%231667810635.229002%3E%20service%3Apresents%20%3Fprofile.%0A%20%20%20%20%20%20%20%20%3Fprofile%20profile%3AtextDescription%20%3Fdescription.%0A%20%20%20%20%20%20%20%20%7D%7D&infer=false&checkVariables=false&analyzeIndicesUsed=false&returnQueryMetadata=true HTTP/1.1" 200 None 
DEBUG:2022-11-07 10:27:55,596 description:"This service counts the number of words of given letters from an input ascii file " 
DEBUG:2022-11-07 10:27:55,597 ---> operation audela de 0:[<http://www.callisto.calmip.univ-toulouse.fr/demonstration.rdf#1667810653.3967264>, <http://edamontology.org/data_0972>, "An abstract of the results of text mining.", "This service counts the number of words of more than 7 letters from an input ascii file ", <http://www.callisto.calmip.univ-toulouse.fr/demonstration.rdf#textualcontent>, <http://www.callisto.calmip.univ-toulouse.fr/ARCAS.rdf#ApiKeyValue>, "textual content", "Un fichier de texte avec des lignes de mots", "Text mining report"] 
DEBUG:2022-11-07 10:27:55,597 PREFIX myont: <http://www.callisto.calmip.univ-toulouse.fr/demonstration.rdf#>
        PREFIX profile: <http://www.daml.org/services/owl-s/1.2/Profile.owl#>
        PREFIX service: <http://www.daml.org/services/owl-s/1.2/Service.owl#>
        PREFIX arcas: <http://www.callisto.calmip.univ-toulouse.fr/ARCAS.rdf#>
        PREFIX rdfsns: <http://www.w3.org/2000/01/rdf-schema#>
        SELECT DISTINCT ?url ?soft ?description
        WHERE { 
        <http://www.callisto.calmip.univ-toulouse.fr/demonstration.rdf#1667810653.3967264> service:presents ?profile.
        ?profile arcas:hasQuerySoftware ?soft_profile.
        OPTIONAL {?soft_profile rdfsns:label ?soft.}
        <http://www.callisto.calmip.univ-toulouse.fr/demonstration.rdf#1667810653.3967264> arcas:isAccessedThrough ?address.
        ?address rdfsns:isDefinedBy ?url.
        OPTIONAL {
        <http://www.callisto.calmip.univ-toulouse.fr/demonstration.rdf#1667810653.3967264> service:presents ?profile.
        ?profile profile:textDescription ?description.
        }} 
DEBUG:2022-11-07 10:27:55,608 http://callistoallegro:10035 "GET /repositories/demonstration?query=PREFIX%20myont%3A%20%3Chttp%3A//www.callisto.calmip.univ-toulouse.fr/demonstration.rdf%23%3E%0A%20%20%20%20%20%20%20%20PREFIX%20profile%3A%20%3Chttp%3A//www.daml.org/services/owl-s/1.2/Profile.owl%23%3E%0A%20%20%20%20%20%20%20%20PREFIX%20service%3A%20%3Chttp%3A//www.daml.org/services/owl-s/1.2/Service.owl%23%3E%0A%20%20%20%20%20%20%20%20PREFIX%20arcas%3A%20%3Chttp%3A//www.callisto.calmip.univ-toulouse.fr/ARCAS.rdf%23%3E%0A%20%20%20%20%20%20%20%20PREFIX%20rdfsns%3A%20%3Chttp%3A//www.w3.org/2000/01/rdf-schema%23%3E%0A%20%20%20%20%20%20%20%20SELECT%20DISTINCT%20%3Furl%20%3Fsoft%20%3Fdescription%0A%20%20%20%20%20%20%20%20WHERE%20%7B%20%0A%20%20%20%20%20%20%20%20%3Chttp%3A//www.callisto.calmip.univ-toulouse.fr/demonstration.rdf%231667810653.3967264%3E%20service%3Apresents%20%3Fprofile.%0A%20%20%20%20%20%20%20%20%3Fprofile%20arcas%3AhasQuerySoftware%20%3Fsoft_profile.%0A%20%20%20%20%20%20%20%20OPTIONAL%20%7B%3Fsoft_profile%20rdfsns%3Alabel%20%3Fsoft.%7D%0A%20%20%20%20%20%20%20%20%3Chttp%3A//www.callisto.calmip.univ-toulouse.fr/demonstration.rdf%231667810653.3967264%3E%20arcas%3AisAccessedThrough%20%3Faddress.%0A%20%20%20%20%20%20%20%20%3Faddress%20rdfsns%3AisDefinedBy%20%3Furl.%0A%20%20%20%20%20%20%20%20OPTIONAL%20%7B%0A%20%20%20%20%20%20%20%20%3Chttp%3A//www.callisto.calmip.univ-toulouse.fr/demonstration.rdf%231667810653.3967264%3E%20service%3Apresents%20%3Fprofile.%0A%20%20%20%20%20%20%20%20%3Fprofile%20profile%3AtextDescription%20%3Fdescription.%0A%20%20%20%20%20%20%20%20%7D%7D&infer=false&checkVariables=false&analyzeIndicesUsed=false&returnQueryMetadata=true HTTP/1.1" 200 None 
DEBUG:2022-11-07 10:27:55,609 description:"This service counts the number of words of more than 7 letters from an input ascii file " 
DEBUG:2022-11-07 10:27:55,609 ---> operation audela de 0:[<http://www.callisto.calmip.univ-toulouse.fr/demonstration.rdf#1667810660.461539>, <http://www.callisto.calmip.univ-toulouse.fr/demonstration.rdf#scatterpoints>, "A graphic visualization of data composed of scattered points", "This service plots contents from a csv file", <http://edamontology.org/data_0972>, None, "Text mining report", "This service counts the number of words of given letters from an input ascii file ", "scatter points"] 
DEBUG:2022-11-07 10:27:55,609 PREFIX myont: <http://www.callisto.calmip.univ-toulouse.fr/demonstration.rdf#>
        PREFIX profile: <http://www.daml.org/services/owl-s/1.2/Profile.owl#>
        PREFIX service: <http://www.daml.org/services/owl-s/1.2/Service.owl#>
        PREFIX arcas: <http://www.callisto.calmip.univ-toulouse.fr/ARCAS.rdf#>
        PREFIX rdfsns: <http://www.w3.org/2000/01/rdf-schema#>
        SELECT DISTINCT ?url ?soft ?description
        WHERE { 
        <http://www.callisto.calmip.univ-toulouse.fr/demonstration.rdf#1667810660.461539> service:presents ?profile.
        ?profile arcas:hasQuerySoftware ?soft_profile.
        OPTIONAL {?soft_profile rdfsns:label ?soft.}
        <http://www.callisto.calmip.univ-toulouse.fr/demonstration.rdf#1667810660.461539> arcas:isAccessedThrough ?address.
        ?address rdfsns:isDefinedBy ?url.
        OPTIONAL {
        <http://www.callisto.calmip.univ-toulouse.fr/demonstration.rdf#1667810660.461539> service:presents ?profile.
        ?profile profile:textDescription ?description.
        }} 
DEBUG:2022-11-07 10:27:55,620 http://callistoallegro:10035 "GET /repositories/demonstration?query=PREFIX%20myont%3A%20%3Chttp%3A//www.callisto.calmip.univ-toulouse.fr/demonstration.rdf%23%3E%0A%20%20%20%20%20%20%20%20PREFIX%20profile%3A%20%3Chttp%3A//www.daml.org/services/owl-s/1.2/Profile.owl%23%3E%0A%20%20%20%20%20%20%20%20PREFIX%20service%3A%20%3Chttp%3A//www.daml.org/services/owl-s/1.2/Service.owl%23%3E%0A%20%20%20%20%20%20%20%20PREFIX%20arcas%3A%20%3Chttp%3A//www.callisto.calmip.univ-toulouse.fr/ARCAS.rdf%23%3E%0A%20%20%20%20%20%20%20%20PREFIX%20rdfsns%3A%20%3Chttp%3A//www.w3.org/2000/01/rdf-schema%23%3E%0A%20%20%20%20%20%20%20%20SELECT%20DISTINCT%20%3Furl%20%3Fsoft%20%3Fdescription%0A%20%20%20%20%20%20%20%20WHERE%20%7B%20%0A%20%20%20%20%20%20%20%20%3Chttp%3A//www.callisto.calmip.univ-toulouse.fr/demonstration.rdf%231667810660.461539%3E%20service%3Apresents%20%3Fprofile.%0A%20%20%20%20%20%20%20%20%3Fprofile%20arcas%3AhasQuerySoftware%20%3Fsoft_profile.%0A%20%20%20%20%20%20%20%20OPTIONAL%20%7B%3Fsoft_profile%20rdfsns%3Alabel%20%3Fsoft.%7D%0A%20%20%20%20%20%20%20%20%3Chttp%3A//www.callisto.calmip.univ-toulouse.fr/demonstration.rdf%231667810660.461539%3E%20arcas%3AisAccessedThrough%20%3Faddress.%0A%20%20%20%20%20%20%20%20%3Faddress%20rdfsns%3AisDefinedBy%20%3Furl.%0A%20%20%20%20%20%20%20%20OPTIONAL%20%7B%0A%20%20%20%20%20%20%20%20%3Chttp%3A//www.callisto.calmip.univ-toulouse.fr/demonstration.rdf%231667810660.461539%3E%20service%3Apresents%20%3Fprofile.%0A%20%20%20%20%20%20%20%20%3Fprofile%20profile%3AtextDescription%20%3Fdescription.%0A%20%20%20%20%20%20%20%20%7D%7D&infer=false&checkVariables=false&analyzeIndicesUsed=false&returnQueryMetadata=true HTTP/1.1" 200 None 
DEBUG:2022-11-07 10:27:55,621 description:"This service plots contents from a csv file" 
