DEBUG:2022-11-07 09:43:34,887 case=allegro 
DEBUG:2022-11-07 09:43:34,888 host=CallistoAllegro. 
DEBUG:2022-11-07 09:43:34,888 port=10035. 
DEBUG:2022-11-07 09:43:34,888 user=thierry. 
DEBUG:2022-11-07 09:43:34,888 password=thierry74. 
DEBUG:2022-11-07 09:43:34,888 case=ontologies 
DEBUG:2022-11-07 09:43:34,888 case=generic 
DEBUG:2022-11-07 09:43:34,888 close_enough=0.28. 
DEBUG:2022-11-07 09:43:34,888 case=dataverse 
DEBUG:2022-11-07 09:43:34,891 Starting new HTTP connection (1): callistoallegro:10035 
DEBUG:2022-11-07 09:43:34,894 http://callistoallegro:10035 "GET /catalogs HTTP/1.1" 200 None 
DEBUG:2022-11-07 09:43:34,897 Starting new HTTP connection (1): callistoallegro:10035 
DEBUG:2022-11-07 09:43:34,902 http://callistoallegro:10035 "GET /repositories HTTP/1.1" 200 None 
DEBUG:2022-11-07 09:43:34,903 trouve repos:['demonstration'] 
DEBUG:2022-11-07 09:43:34,903 get_detail, repos:['demonstration'] 
DEBUG:2022-11-07 09:43:35,690 regisering service:FDV_591 
DEBUG:2022-11-07 09:43:35,699 http://callistoallegro:10035 "GET /repositories HTTP/1.1" 200 None 
INFO:2022-11-07 09:43:35,700 PREFIX rdfs: <http://www.w3.org/2000/01/rdf-schema#>
        PREFIX oboInOwl: <http://www.geneontology.org/formats/oboInOwl#>
        PREFIX edamontology: <http://edamontology.org/>
        PREFIX obo: <http://purl.obolibrary.org/obo/>
        PREFIX arcas: <http://www.callisto.calmip.univ-toulouse.fr/ARCAS.rdf#>
        PREFIX service: <http://www.daml.org/services/owl-s/1.2/Service.owl#>
        PREFIX profile: <http://www.daml.org/services/owl-s/1.2/Profile.owl#>
        PREFIX mp:<http://purl.org/mp#>
        SELECT DISTINCT ?service
        WHERE {
        ?service service:presents ?profile.
        ?profile arcas:hasQuerySoftware <http://www.callisto.calmip.univ-toulouse.fr/ARCAS.rdf#get_dataset>.
        ?profile profile:textDescription ?description.
        } 
DEBUG:2022-11-07 09:43:35,704 Starting new HTTP connection (1): callistoallegro:10035 
DEBUG:2022-11-07 09:43:35,733 http://callistoallegro:10035 "GET /repositories/demonstration?query=PREFIX%20rdfs%3A%20%3Chttp%3A//www.w3.org/2000/01/rdf-schema%23%3E%0A%20%20%20%20%20%20%20%20PREFIX%20oboInOwl%3A%20%3Chttp%3A//www.geneontology.org/formats/oboInOwl%23%3E%0A%20%20%20%20%20%20%20%20PREFIX%20edamontology%3A%20%3Chttp%3A//edamontology.org/%3E%0A%20%20%20%20%20%20%20%20PREFIX%20obo%3A%20%3Chttp%3A//purl.obolibrary.org/obo/%3E%0A%20%20%20%20%20%20%20%20PREFIX%20arcas%3A%20%3Chttp%3A//www.callisto.calmip.univ-toulouse.fr/ARCAS.rdf%23%3E%0A%20%20%20%20%20%20%20%20PREFIX%20service%3A%20%3Chttp%3A//www.daml.org/services/owl-s/1.2/Service.owl%23%3E%0A%20%20%20%20%20%20%20%20PREFIX%20profile%3A%20%3Chttp%3A//www.daml.org/services/owl-s/1.2/Profile.owl%23%3E%0A%20%20%20%20%20%20%20%20PREFIX%20mp%3A%3Chttp%3A//purl.org/mp%23%3E%0A%20%20%20%20%20%20%20%20SELECT%20DISTINCT%20%3Fservice%0A%20%20%20%20%20%20%20%20WHERE%20%7B%0A%20%20%20%20%20%20%20%20%3Fservice%20service%3Apresents%20%3Fprofile.%0A%20%20%20%20%20%20%20%20%3Fprofile%20arcas%3AhasQuerySoftware%20%3Chttp%3A//www.callisto.calmip.univ-toulouse.fr/ARCAS.rdf%23get_dataset%3E.%0A%20%20%20%20%20%20%20%20%3Fprofile%20profile%3AtextDescription%20%3Fdescription.%0A%20%20%20%20%20%20%20%20%7D&infer=false&checkVariables=false&analyzeIndicesUsed=false&returnQueryMetadata=true HTTP/1.1" 200 None 
DEBUG:2022-11-07 09:43:35,743 http://callistoallegro:10035 "PUT /repositories/demonstration/statement?subj=%3Chttp%3A//www.callisto.calmip.univ-toulouse.fr/demonstration.rdf%23FDV_591%3E&pred=%3Chttp%3A//www.w3.org/1999/02/22-rdf-syntax-ns%23type%3E&obj=%22http%3A//www.daml.org/services/owl-s/1.2/Service.owl%23Service%22&context=null HTTP/1.1" 200 None 
DEBUG:2022-11-07 09:43:35,748 http://callistoallegro:10035 "PUT /repositories/demonstration/statement?subj=%3Chttp%3A//www.callisto.calmip.univ-toulouse.fr/demonstration.rdf%23FDV_591_Profile%3E&pred=%3Chttp%3A//www.w3.org/1999/02/22-rdf-syntax-ns%23type%3E&obj=%22http%3A//www.daml.org/services/owl-s/1.2/Service.owl%23ServiceProfile%22&context=null HTTP/1.1" 200 None 
DEBUG:2022-11-07 09:43:35,753 http://callistoallegro:10035 "PUT /repositories/demonstration/statement?subj=%3Chttp%3A//www.callisto.calmip.univ-toulouse.fr/demonstration.rdf%23FDV_591%3E&pred=%3Chttp%3A//www.daml.org/services/owl-s/1.2/Service.owl%23presents%3E&obj=%3Chttp%3A//www.callisto.calmip.univ-toulouse.fr/demonstration.rdf%23FDV_591_Profile%3E&context=null HTTP/1.1" 200 None 
DEBUG:2022-11-07 09:43:35,758 http://callistoallegro:10035 "PUT /repositories/demonstration/statement?subj=%3Chttp%3A//www.callisto.calmip.univ-toulouse.fr/demonstration.rdf%23FDV_591%3E&pred=%3Chttp%3A//www.callisto.calmip.univ-toulouse.fr/ARCAS.rdf%23hasOperation%3E&obj=%22http%3A//www.callisto.calmip.univ-toulouse.fr/ARCAS.rdf%23retrieve_dataset%22&context=null HTTP/1.1" 200 None 
DEBUG:2022-11-07 09:43:35,775 http://callistoallegro:10035 "PUT /repositories/demonstration/statement?subj=%3Chttp%3A//www.callisto.calmip.univ-toulouse.fr/demonstration.rdf%23FDV_591%3E&pred=%3Chttp%3A//www.callisto.calmip.univ-toulouse.fr/ARCAS.rdf%23hasOperation%3E&obj=%22http%3A//www.callisto.calmip.univ-toulouse.fr/ARCAS.rdf%23retrieve_metadata%22&context=null HTTP/1.1" 200 None 
DEBUG:2022-11-07 09:43:35,781 http://callistoallegro:10035 "PUT /repositories/demonstration/statement?subj=%3Chttp%3A//www.callisto.calmip.univ-toulouse.fr/demonstration.rdf%23FDV_591_Profile%3E&pred=%3Chttp%3A//www.callisto.calmip.univ-toulouse.fr/ARCAS.rdf%23hasQuerySoftware%3E&obj=%3Chttp%3A//www.callisto.calmip.univ-toulouse.fr/ARCAS.rdf%23get_dataset%3E&context=null HTTP/1.1" 200 None 
DEBUG:2022-11-07 09:43:35,788 http://callistoallegro:10035 "PUT /repositories/demonstration/statement?subj=%3Chttp%3A//www.callisto.calmip.univ-toulouse.fr/demonstration.rdf%23FDV_591_Profile%3E&pred=%3Chttp%3A//www.daml.org/services/owl-s/1.2/Profile.owl%23textDescription%3E&obj=%22ASCII%20file%20containing%20aerodynamic%20forces%20around%20an%20A320%20wing.%20From%20a%202D%20numerical%20simulation%20performed%20with%20the%20NSMB%20code.%20The%20first%20four%20columns%20give%20the%20physical%20time%20in%20seconds%2C%20the%20drag%20coefficient%2C%20the%20lift%20coefficient%20and%20the%20pitching%20moment%20coefficient%20for%20a%20morphing%20wing.%20The%20trailing%20edge%20is%20not%20vibrating%20in%20this%20configuration%20%3A%20this%20is%20the%20so-called%20%5C%22static%5C%22%20case%20which%20serves%20as%20a%20reference%20case%20for%20performance%20comparisons.%22&context=null HTTP/1.1" 200 None 
DEBUG:2022-11-07 09:43:35,794 http://callistoallegro:10035 "PUT /repositories/demonstration/statement?subj=%3Chttp%3A//www.callisto.calmip.univ-toulouse.fr/demonstration.rdf%23FDV_591%3E&pred=%3Chttp%3A//www.callisto.calmip.univ-toulouse.fr/ARCAS.rdf%23hasInput%3E&obj=%3Chttp%3A//www.callisto.calmip.univ-toulouse.fr/ARCAS.rdf%23ApiKey%3E&context=null HTTP/1.1" 200 None 
DEBUG:2022-11-07 09:43:35,799 http://callistoallegro:10035 "PUT /repositories/demonstration/statement?subj=%3Chttp%3A//www.callisto.calmip.univ-toulouse.fr/demonstration.rdf%23FDV_591%3E&pred=%3Chttp%3A//www.w3.org/2000/01/rdf-schema%23isDefinedBy%3E&obj=%22Quantity%20that%20is%20measured%22&context=null HTTP/1.1" 200 None 
DEBUG:2022-11-07 09:43:35,812 http://callistoallegro:10035 "PUT /repositories/demonstration/statement?subj=%3Chttp%3A//www.callisto.calmip.univ-toulouse.fr/demonstration.rdf%23FDV_591%3E&pred=%3Chttp%3A//www.callisto.calmip.univ-toulouse.fr/ARCAS.rdf%23hasOutput%3E&obj=%3Chttp%3A//www.callisto.calmip.univ-toulouse.fr/demonstration.rdf%23Physics%3E&context=null HTTP/1.1" 200 None 
DEBUG:2022-11-07 09:43:35,818 http://callistoallegro:10035 "PUT /repositories/demonstration/statement?subj=%3Chttp%3A//www.callisto.calmip.univ-toulouse.fr/demonstration.rdf%23FDV_591%3E&pred=%3Chttp%3A//www.callisto.calmip.univ-toulouse.fr/ARCAS.rdf%23hasOutput%3E&obj=%3Chttp%3A//www.callisto.calmip.univ-toulouse.fr/demonstration.rdf%23Other%3E&context=null HTTP/1.1" 200 None 
DEBUG:2022-11-07 09:43:35,823 http://callistoallegro:10035 "PUT /repositories/demonstration/statement?subj=%3Chttp%3A//www.callisto.calmip.univ-toulouse.fr/demonstration.rdf%231667810615.6908128%3E&pred=%3Chttp%3A//www.w3.org/1999/02/22-rdf-syntax-ns%23type%3E&obj=%22http%3A//purl.org/mp/Data%22&context=null HTTP/1.1" 200 None 
DEBUG:2022-11-07 09:43:35,830 http://callistoallegro:10035 "PUT /repositories/demonstration/statement?subj=%3Chttp%3A//www.callisto.calmip.univ-toulouse.fr/demonstration.rdf%231667810615.6908128%3E&pred=%3Chttp%3A//www.w3.org/2000/01/rdf-schema%23isDefinedBy%3E&obj=%22ASCII%20file%20containing%20aerodynamic%20forces%20around%20an%20A320%20wing.%20From%20a%202D%20numerical%20simulation%20performed%20with%20the%20NSMB%20code.%20The%20first%20four%20columns%20give%20the%20physical%20time%20in%20seconds%2C%20the%20drag%20coefficient%2C%20the%20lift%20coefficient%20and%20the%20pitching%20moment%20coefficient%20for%20a%20morphing%20wing.%20The%20trailing%20edge%20is%20not%20vibrating%20in%20this%20configuration%20%3A%20this%20is%20the%20so-called%20%5C%22static%5C%22%20case%20which%20serves%20as%20a%20reference%20case%20for%20performance%20comparisons.%22&context=null HTTP/1.1" 200 None 
DEBUG:2022-11-07 09:43:35,836 http://callistoallegro:10035 "PUT /repositories/demonstration/statement?subj=%3Chttp%3A//www.callisto.calmip.univ-toulouse.fr/demonstration.rdf%23Callistodataverse%3A8080/api/access/datafile/591%3Fkey%3D%3E&pred=%3Chttp%3A//www.w3.org/1999/02/22-rdf-syntax-ns%23type%3E&obj=%22http%3A//www.callisto.calmip.univ-toulouse.fr/ARCAS.rdf%23accessURL%22&context=null HTTP/1.1" 200 None 
DEBUG:2022-11-07 09:43:35,860 http://callistoallegro:10035 "PUT /repositories/demonstration/statement?subj=%3Chttp%3A//www.callisto.calmip.univ-toulouse.fr/demonstration.rdf%23Callistodataverse%3A8080/api/access/datafile/591%3Fkey%3D%3E&pred=%3Chttp%3A//www.w3.org/2000/01/rdf-schema%23isDefinedBy%3E&obj=%22Callistodataverse%3A8080/api/access/datafile/591%3Fkey%3D%22&context=null HTTP/1.1" 200 None 
DEBUG:2022-11-07 09:43:35,867 http://callistoallegro:10035 "PUT /repositories/demonstration/statement?subj=%3Chttp%3A//www.callisto.calmip.univ-toulouse.fr/demonstration.rdf%23FDV_591%3E&pred=%3Chttp%3A//www.callisto.calmip.univ-toulouse.fr/ARCAS.rdf%23isAccessedThrough%3E&obj=%3Chttp%3A//www.callisto.calmip.univ-toulouse.fr/demonstration.rdf%23Callistodataverse%3A8080/api/access/datafile/591%3Fkey%3D%3E&context=null HTTP/1.1" 200 None 
DEBUG:2022-11-07 09:43:35,871 http://callistoallegro:10035 "GET /repositories/demonstration/size HTTP/1.1" 200 None 
DEBUG:2022-11-07 09:43:35,871 regisering service:FDV_651 
DEBUG:2022-11-07 09:43:35,879 http://callistoallegro:10035 "GET /repositories HTTP/1.1" 200 None 
INFO:2022-11-07 09:43:35,880 PREFIX rdfs: <http://www.w3.org/2000/01/rdf-schema#>
        PREFIX oboInOwl: <http://www.geneontology.org/formats/oboInOwl#>
        PREFIX edamontology: <http://edamontology.org/>
        PREFIX obo: <http://purl.obolibrary.org/obo/>
        PREFIX arcas: <http://www.callisto.calmip.univ-toulouse.fr/ARCAS.rdf#>
        PREFIX service: <http://www.daml.org/services/owl-s/1.2/Service.owl#>
        PREFIX profile: <http://www.daml.org/services/owl-s/1.2/Profile.owl#>
        PREFIX mp:<http://purl.org/mp#>
        SELECT DISTINCT ?service
        WHERE {
        ?service service:presents ?profile.
        ?profile arcas:hasQuerySoftware <http://www.callisto.calmip.univ-toulouse.fr/ARCAS.rdf#get_dataset>.
        ?profile profile:textDescription ?description.
        } 
DEBUG:2022-11-07 09:43:35,884 Starting new HTTP connection (1): callistoallegro:10035 
DEBUG:2022-11-07 09:43:35,898 http://callistoallegro:10035 "GET /repositories/demonstration?query=PREFIX%20rdfs%3A%20%3Chttp%3A//www.w3.org/2000/01/rdf-schema%23%3E%0A%20%20%20%20%20%20%20%20PREFIX%20oboInOwl%3A%20%3Chttp%3A//www.geneontology.org/formats/oboInOwl%23%3E%0A%20%20%20%20%20%20%20%20PREFIX%20edamontology%3A%20%3Chttp%3A//edamontology.org/%3E%0A%20%20%20%20%20%20%20%20PREFIX%20obo%3A%20%3Chttp%3A//purl.obolibrary.org/obo/%3E%0A%20%20%20%20%20%20%20%20PREFIX%20arcas%3A%20%3Chttp%3A//www.callisto.calmip.univ-toulouse.fr/ARCAS.rdf%23%3E%0A%20%20%20%20%20%20%20%20PREFIX%20service%3A%20%3Chttp%3A//www.daml.org/services/owl-s/1.2/Service.owl%23%3E%0A%20%20%20%20%20%20%20%20PREFIX%20profile%3A%20%3Chttp%3A//www.daml.org/services/owl-s/1.2/Profile.owl%23%3E%0A%20%20%20%20%20%20%20%20PREFIX%20mp%3A%3Chttp%3A//purl.org/mp%23%3E%0A%20%20%20%20%20%20%20%20SELECT%20DISTINCT%20%3Fservice%0A%20%20%20%20%20%20%20%20WHERE%20%7B%0A%20%20%20%20%20%20%20%20%3Fservice%20service%3Apresents%20%3Fprofile.%0A%20%20%20%20%20%20%20%20%3Fprofile%20arcas%3AhasQuerySoftware%20%3Chttp%3A//www.callisto.calmip.univ-toulouse.fr/ARCAS.rdf%23get_dataset%3E.%0A%20%20%20%20%20%20%20%20%3Fprofile%20profile%3AtextDescription%20%3Fdescription.%0A%20%20%20%20%20%20%20%20%7D&infer=false&checkVariables=false&analyzeIndicesUsed=false&returnQueryMetadata=true HTTP/1.1" 200 None 
DEBUG:2022-11-07 09:43:35,904 http://callistoallegro:10035 "PUT /repositories/demonstration/statement?subj=%3Chttp%3A//www.callisto.calmip.univ-toulouse.fr/demonstration.rdf%23FDV_651%3E&pred=%3Chttp%3A//www.w3.org/1999/02/22-rdf-syntax-ns%23type%3E&obj=%22http%3A//www.daml.org/services/owl-s/1.2/Service.owl%23Service%22&context=null HTTP/1.1" 200 None 
DEBUG:2022-11-07 09:43:35,910 http://callistoallegro:10035 "PUT /repositories/demonstration/statement?subj=%3Chttp%3A//www.callisto.calmip.univ-toulouse.fr/demonstration.rdf%23FDV_651_Profile%3E&pred=%3Chttp%3A//www.w3.org/1999/02/22-rdf-syntax-ns%23type%3E&obj=%22http%3A//www.daml.org/services/owl-s/1.2/Service.owl%23ServiceProfile%22&context=null HTTP/1.1" 200 None 
DEBUG:2022-11-07 09:43:35,916 http://callistoallegro:10035 "PUT /repositories/demonstration/statement?subj=%3Chttp%3A//www.callisto.calmip.univ-toulouse.fr/demonstration.rdf%23FDV_651%3E&pred=%3Chttp%3A//www.daml.org/services/owl-s/1.2/Service.owl%23presents%3E&obj=%3Chttp%3A//www.callisto.calmip.univ-toulouse.fr/demonstration.rdf%23FDV_651_Profile%3E&context=null HTTP/1.1" 200 None 
DEBUG:2022-11-07 09:43:35,921 http://callistoallegro:10035 "PUT /repositories/demonstration/statement?subj=%3Chttp%3A//www.callisto.calmip.univ-toulouse.fr/demonstration.rdf%23FDV_651%3E&pred=%3Chttp%3A//www.callisto.calmip.univ-toulouse.fr/ARCAS.rdf%23hasOperation%3E&obj=%22http%3A//www.callisto.calmip.univ-toulouse.fr/ARCAS.rdf%23retrieve_dataset%22&context=null HTTP/1.1" 200 None 
DEBUG:2022-11-07 09:43:35,926 http://callistoallegro:10035 "PUT /repositories/demonstration/statement?subj=%3Chttp%3A//www.callisto.calmip.univ-toulouse.fr/demonstration.rdf%23FDV_651%3E&pred=%3Chttp%3A//www.callisto.calmip.univ-toulouse.fr/ARCAS.rdf%23hasOperation%3E&obj=%22http%3A//www.callisto.calmip.univ-toulouse.fr/ARCAS.rdf%23retrieve_metadata%22&context=null HTTP/1.1" 200 None 
DEBUG:2022-11-07 09:43:35,931 http://callistoallegro:10035 "PUT /repositories/demonstration/statement?subj=%3Chttp%3A//www.callisto.calmip.univ-toulouse.fr/demonstration.rdf%23FDV_651_Profile%3E&pred=%3Chttp%3A//www.callisto.calmip.univ-toulouse.fr/ARCAS.rdf%23hasQuerySoftware%3E&obj=%3Chttp%3A//www.callisto.calmip.univ-toulouse.fr/ARCAS.rdf%23get_dataset%3E&context=null HTTP/1.1" 200 None 
DEBUG:2022-11-07 09:43:35,937 http://callistoallegro:10035 "PUT /repositories/demonstration/statement?subj=%3Chttp%3A//www.callisto.calmip.univ-toulouse.fr/demonstration.rdf%23FDV_651_Profile%3E&pred=%3Chttp%3A//www.daml.org/services/owl-s/1.2/Profile.owl%23textDescription%3E&obj=%22Test%20for%20big%20file%20upload%22&context=null HTTP/1.1" 200 None 
DEBUG:2022-11-07 09:43:35,943 http://callistoallegro:10035 "PUT /repositories/demonstration/statement?subj=%3Chttp%3A//www.callisto.calmip.univ-toulouse.fr/demonstration.rdf%23FDV_651%3E&pred=%3Chttp%3A//www.callisto.calmip.univ-toulouse.fr/ARCAS.rdf%23hasInput%3E&obj=%3Chttp%3A//www.callisto.calmip.univ-toulouse.fr/ARCAS.rdf%23ApiKey%3E&context=null HTTP/1.1" 200 None 
DEBUG:2022-11-07 09:43:35,948 http://callistoallegro:10035 "PUT /repositories/demonstration/statement?subj=%3Chttp%3A//www.callisto.calmip.univ-toulouse.fr/demonstration.rdf%23FDV_651%3E&pred=%3Chttp%3A//www.w3.org/2000/01/rdf-schema%23isDefinedBy%3E&obj=%22Quantity%20that%20is%20measured%22&context=null HTTP/1.1" 200 None 
DEBUG:2022-11-07 09:43:35,982 http://callistoallegro:10035 "PUT /repositories/demonstration/statement?subj=%3Chttp%3A//www.callisto.calmip.univ-toulouse.fr/demonstration.rdf%23FDV_651%3E&pred=%3Chttp%3A//www.callisto.calmip.univ-toulouse.fr/ARCAS.rdf%23hasOutput%3E&obj=%3Chttp%3A//www.callisto.calmip.univ-toulouse.fr/demonstration.rdf%23Engineering%3E&context=null HTTP/1.1" 200 None 
DEBUG:2022-11-07 09:43:35,992 http://callistoallegro:10035 "PUT /repositories/demonstration/statement?subj=%3Chttp%3A//www.callisto.calmip.univ-toulouse.fr/demonstration.rdf%231667810615.8715901%3E&pred=%3Chttp%3A//www.w3.org/1999/02/22-rdf-syntax-ns%23type%3E&obj=%22http%3A//purl.org/mp/Data%22&context=null HTTP/1.1" 200 None 
DEBUG:2022-11-07 09:43:35,997 http://callistoallegro:10035 "PUT /repositories/demonstration/statement?subj=%3Chttp%3A//www.callisto.calmip.univ-toulouse.fr/demonstration.rdf%231667810615.8715901%3E&pred=%3Chttp%3A//www.w3.org/2000/01/rdf-schema%23isDefinedBy%3E&obj=%22Test%20for%20big%20file%20upload%22&context=null HTTP/1.1" 200 None 
DEBUG:2022-11-07 09:43:36,016 http://callistoallegro:10035 "PUT /repositories/demonstration/statement?subj=%3Chttp%3A//www.callisto.calmip.univ-toulouse.fr/demonstration.rdf%23Callistodataverse%3A8080/api/access/datafile/651%3Fkey%3D%3E&pred=%3Chttp%3A//www.w3.org/1999/02/22-rdf-syntax-ns%23type%3E&obj=%22http%3A//www.callisto.calmip.univ-toulouse.fr/ARCAS.rdf%23accessURL%22&context=null HTTP/1.1" 200 None 
DEBUG:2022-11-07 09:43:36,022 http://callistoallegro:10035 "PUT /repositories/demonstration/statement?subj=%3Chttp%3A//www.callisto.calmip.univ-toulouse.fr/demonstration.rdf%23Callistodataverse%3A8080/api/access/datafile/651%3Fkey%3D%3E&pred=%3Chttp%3A//www.w3.org/2000/01/rdf-schema%23isDefinedBy%3E&obj=%22Callistodataverse%3A8080/api/access/datafile/651%3Fkey%3D%22&context=null HTTP/1.1" 200 None 
DEBUG:2022-11-07 09:43:36,027 http://callistoallegro:10035 "PUT /repositories/demonstration/statement?subj=%3Chttp%3A//www.callisto.calmip.univ-toulouse.fr/demonstration.rdf%23FDV_651%3E&pred=%3Chttp%3A//www.callisto.calmip.univ-toulouse.fr/ARCAS.rdf%23isAccessedThrough%3E&obj=%3Chttp%3A//www.callisto.calmip.univ-toulouse.fr/demonstration.rdf%23Callistodataverse%3A8080/api/access/datafile/651%3Fkey%3D%3E&context=null HTTP/1.1" 200 None 
DEBUG:2022-11-07 09:43:36,030 http://callistoallegro:10035 "GET /repositories/demonstration/size HTTP/1.1" 200 None 
DEBUG:2022-11-07 09:43:36,031 regisering service:FDV_666 
DEBUG:2022-11-07 09:43:36,038 http://callistoallegro:10035 "GET /repositories HTTP/1.1" 200 None 
INFO:2022-11-07 09:43:36,039 PREFIX rdfs: <http://www.w3.org/2000/01/rdf-schema#>
        PREFIX oboInOwl: <http://www.geneontology.org/formats/oboInOwl#>
        PREFIX edamontology: <http://edamontology.org/>
        PREFIX obo: <http://purl.obolibrary.org/obo/>
        PREFIX arcas: <http://www.callisto.calmip.univ-toulouse.fr/ARCAS.rdf#>
        PREFIX service: <http://www.daml.org/services/owl-s/1.2/Service.owl#>
        PREFIX profile: <http://www.daml.org/services/owl-s/1.2/Profile.owl#>
        PREFIX mp:<http://purl.org/mp#>
        SELECT DISTINCT ?service
        WHERE {
        ?service service:presents ?profile.
        ?profile arcas:hasQuerySoftware <http://www.callisto.calmip.univ-toulouse.fr/ARCAS.rdf#get_dataset>.
        ?profile profile:textDescription ?description.
        } 
DEBUG:2022-11-07 09:43:36,042 Starting new HTTP connection (1): callistoallegro:10035 
DEBUG:2022-11-07 09:43:36,049 http://callistoallegro:10035 "GET /repositories/demonstration?query=PREFIX%20rdfs%3A%20%3Chttp%3A//www.w3.org/2000/01/rdf-schema%23%3E%0A%20%20%20%20%20%20%20%20PREFIX%20oboInOwl%3A%20%3Chttp%3A//www.geneontology.org/formats/oboInOwl%23%3E%0A%20%20%20%20%20%20%20%20PREFIX%20edamontology%3A%20%3Chttp%3A//edamontology.org/%3E%0A%20%20%20%20%20%20%20%20PREFIX%20obo%3A%20%3Chttp%3A//purl.obolibrary.org/obo/%3E%0A%20%20%20%20%20%20%20%20PREFIX%20arcas%3A%20%3Chttp%3A//www.callisto.calmip.univ-toulouse.fr/ARCAS.rdf%23%3E%0A%20%20%20%20%20%20%20%20PREFIX%20service%3A%20%3Chttp%3A//www.daml.org/services/owl-s/1.2/Service.owl%23%3E%0A%20%20%20%20%20%20%20%20PREFIX%20profile%3A%20%3Chttp%3A//www.daml.org/services/owl-s/1.2/Profile.owl%23%3E%0A%20%20%20%20%20%20%20%20PREFIX%20mp%3A%3Chttp%3A//purl.org/mp%23%3E%0A%20%20%20%20%20%20%20%20SELECT%20DISTINCT%20%3Fservice%0A%20%20%20%20%20%20%20%20WHERE%20%7B%0A%20%20%20%20%20%20%20%20%3Fservice%20service%3Apresents%20%3Fprofile.%0A%20%20%20%20%20%20%20%20%3Fprofile%20arcas%3AhasQuerySoftware%20%3Chttp%3A//www.callisto.calmip.univ-toulouse.fr/ARCAS.rdf%23get_dataset%3E.%0A%20%20%20%20%20%20%20%20%3Fprofile%20profile%3AtextDescription%20%3Fdescription.%0A%20%20%20%20%20%20%20%20%7D&infer=false&checkVariables=false&analyzeIndicesUsed=false&returnQueryMetadata=true HTTP/1.1" 200 None 
DEBUG:2022-11-07 09:43:36,056 http://callistoallegro:10035 "PUT /repositories/demonstration/statement?subj=%3Chttp%3A//www.callisto.calmip.univ-toulouse.fr/demonstration.rdf%23FDV_666%3E&pred=%3Chttp%3A//www.w3.org/1999/02/22-rdf-syntax-ns%23type%3E&obj=%22http%3A//www.daml.org/services/owl-s/1.2/Service.owl%23Service%22&context=null HTTP/1.1" 200 None 
DEBUG:2022-11-07 09:43:36,061 http://callistoallegro:10035 "PUT /repositories/demonstration/statement?subj=%3Chttp%3A//www.callisto.calmip.univ-toulouse.fr/demonstration.rdf%23FDV_666_Profile%3E&pred=%3Chttp%3A//www.w3.org/1999/02/22-rdf-syntax-ns%23type%3E&obj=%22http%3A//www.daml.org/services/owl-s/1.2/Service.owl%23ServiceProfile%22&context=null HTTP/1.1" 200 None 
DEBUG:2022-11-07 09:43:36,067 http://callistoallegro:10035 "PUT /repositories/demonstration/statement?subj=%3Chttp%3A//www.callisto.calmip.univ-toulouse.fr/demonstration.rdf%23FDV_666%3E&pred=%3Chttp%3A//www.daml.org/services/owl-s/1.2/Service.owl%23presents%3E&obj=%3Chttp%3A//www.callisto.calmip.univ-toulouse.fr/demonstration.rdf%23FDV_666_Profile%3E&context=null HTTP/1.1" 200 None 
DEBUG:2022-11-07 09:43:36,086 http://callistoallegro:10035 "PUT /repositories/demonstration/statement?subj=%3Chttp%3A//www.callisto.calmip.univ-toulouse.fr/demonstration.rdf%23FDV_666%3E&pred=%3Chttp%3A//www.callisto.calmip.univ-toulouse.fr/ARCAS.rdf%23hasOperation%3E&obj=%22http%3A//www.callisto.calmip.univ-toulouse.fr/ARCAS.rdf%23retrieve_dataset%22&context=null HTTP/1.1" 200 None 
DEBUG:2022-11-07 09:43:36,093 http://callistoallegro:10035 "PUT /repositories/demonstration/statement?subj=%3Chttp%3A//www.callisto.calmip.univ-toulouse.fr/demonstration.rdf%23FDV_666%3E&pred=%3Chttp%3A//www.callisto.calmip.univ-toulouse.fr/ARCAS.rdf%23hasOperation%3E&obj=%22http%3A//www.callisto.calmip.univ-toulouse.fr/ARCAS.rdf%23retrieve_metadata%22&context=null HTTP/1.1" 200 None 
DEBUG:2022-11-07 09:43:36,100 http://callistoallegro:10035 "PUT /repositories/demonstration/statement?subj=%3Chttp%3A//www.callisto.calmip.univ-toulouse.fr/demonstration.rdf%23FDV_666_Profile%3E&pred=%3Chttp%3A//www.callisto.calmip.univ-toulouse.fr/ARCAS.rdf%23hasQuerySoftware%3E&obj=%3Chttp%3A//www.callisto.calmip.univ-toulouse.fr/ARCAS.rdf%23get_dataset%3E&context=null HTTP/1.1" 200 None 
DEBUG:2022-11-07 09:43:36,122 http://callistoallegro:10035 "PUT /repositories/demonstration/statement?subj=%3Chttp%3A//www.callisto.calmip.univ-toulouse.fr/demonstration.rdf%23FDV_666_Profile%3E&pred=%3Chttp%3A//www.daml.org/services/owl-s/1.2/Profile.owl%23textDescription%3E&obj=%22Test%20depot%205%20octobre%202021%22&context=null HTTP/1.1" 200 None 
DEBUG:2022-11-07 09:43:36,129 http://callistoallegro:10035 "PUT /repositories/demonstration/statement?subj=%3Chttp%3A//www.callisto.calmip.univ-toulouse.fr/demonstration.rdf%23FDV_666%3E&pred=%3Chttp%3A//www.callisto.calmip.univ-toulouse.fr/ARCAS.rdf%23hasInput%3E&obj=%3Chttp%3A//www.callisto.calmip.univ-toulouse.fr/ARCAS.rdf%23ApiKey%3E&context=null HTTP/1.1" 200 None 
DEBUG:2022-11-07 09:43:36,134 http://callistoallegro:10035 "PUT /repositories/demonstration/statement?subj=%3Chttp%3A//www.callisto.calmip.univ-toulouse.fr/demonstration.rdf%23FDV_666%3E&pred=%3Chttp%3A//www.w3.org/2000/01/rdf-schema%23isDefinedBy%3E&obj=%22Quantity%20that%20is%20measured%22&context=null HTTP/1.1" 200 None 
DEBUG:2022-11-07 09:43:36,139 http://callistoallegro:10035 "PUT /repositories/demonstration/statement?subj=%3Chttp%3A//www.callisto.calmip.univ-toulouse.fr/demonstration.rdf%23FDV_666%3E&pred=%3Chttp%3A//www.callisto.calmip.univ-toulouse.fr/ARCAS.rdf%23hasOutput%3E&obj=%3Chttp%3A//www.callisto.calmip.univ-toulouse.fr/demonstration.rdf%23Engineering%3E&context=null HTTP/1.1" 200 None 
DEBUG:2022-11-07 09:43:36,144 http://callistoallegro:10035 "PUT /repositories/demonstration/statement?subj=%3Chttp%3A//www.callisto.calmip.univ-toulouse.fr/demonstration.rdf%231667810616.031152%3E&pred=%3Chttp%3A//www.w3.org/1999/02/22-rdf-syntax-ns%23type%3E&obj=%22http%3A//purl.org/mp/Data%22&context=null HTTP/1.1" 200 None 
DEBUG:2022-11-07 09:43:36,149 http://callistoallegro:10035 "PUT /repositories/demonstration/statement?subj=%3Chttp%3A//www.callisto.calmip.univ-toulouse.fr/demonstration.rdf%231667810616.031152%3E&pred=%3Chttp%3A//www.w3.org/2000/01/rdf-schema%23isDefinedBy%3E&obj=%22Test%20depot%205%20octobre%202021%22&context=null HTTP/1.1" 200 None 
DEBUG:2022-11-07 09:43:36,155 http://callistoallegro:10035 "PUT /repositories/demonstration/statement?subj=%3Chttp%3A//www.callisto.calmip.univ-toulouse.fr/demonstration.rdf%23Callistodataverse%3A8080/api/access/dataset/666%3Fkey%3D%3E&pred=%3Chttp%3A//www.w3.org/1999/02/22-rdf-syntax-ns%23type%3E&obj=%22http%3A//www.callisto.calmip.univ-toulouse.fr/ARCAS.rdf%23accessURL%22&context=null HTTP/1.1" 200 None 
DEBUG:2022-11-07 09:43:36,159 http://callistoallegro:10035 "PUT /repositories/demonstration/statement?subj=%3Chttp%3A//www.callisto.calmip.univ-toulouse.fr/demonstration.rdf%23Callistodataverse%3A8080/api/access/dataset/666%3Fkey%3D%3E&pred=%3Chttp%3A//www.w3.org/2000/01/rdf-schema%23isDefinedBy%3E&obj=%22Callistodataverse%3A8080/api/access/dataset/666%3Fkey%3D%22&context=null HTTP/1.1" 200 None 
DEBUG:2022-11-07 09:43:36,164 http://callistoallegro:10035 "PUT /repositories/demonstration/statement?subj=%3Chttp%3A//www.callisto.calmip.univ-toulouse.fr/demonstration.rdf%23FDV_666%3E&pred=%3Chttp%3A//www.callisto.calmip.univ-toulouse.fr/ARCAS.rdf%23isAccessedThrough%3E&obj=%3Chttp%3A//www.callisto.calmip.univ-toulouse.fr/demonstration.rdf%23Callistodataverse%3A8080/api/access/dataset/666%3Fkey%3D%3E&context=null HTTP/1.1" 200 None 
DEBUG:2022-11-07 09:43:36,168 http://callistoallegro:10035 "GET /repositories/demonstration/size HTTP/1.1" 200 None 
DEBUG:2022-11-07 09:43:36,168 regisering service:FDV_684 
DEBUG:2022-11-07 09:43:36,175 http://callistoallegro:10035 "GET /repositories HTTP/1.1" 200 None 
INFO:2022-11-07 09:43:36,175 PREFIX rdfs: <http://www.w3.org/2000/01/rdf-schema#>
        PREFIX oboInOwl: <http://www.geneontology.org/formats/oboInOwl#>
        PREFIX edamontology: <http://edamontology.org/>
        PREFIX obo: <http://purl.obolibrary.org/obo/>
        PREFIX arcas: <http://www.callisto.calmip.univ-toulouse.fr/ARCAS.rdf#>
        PREFIX service: <http://www.daml.org/services/owl-s/1.2/Service.owl#>
        PREFIX profile: <http://www.daml.org/services/owl-s/1.2/Profile.owl#>
        PREFIX mp:<http://purl.org/mp#>
        SELECT DISTINCT ?service
        WHERE {
        ?service service:presents ?profile.
        ?profile arcas:hasQuerySoftware <http://www.callisto.calmip.univ-toulouse.fr/ARCAS.rdf#get_dataset>.
        ?profile profile:textDescription ?description.
        } 
DEBUG:2022-11-07 09:43:36,179 Starting new HTTP connection (1): callistoallegro:10035 
DEBUG:2022-11-07 09:43:36,185 http://callistoallegro:10035 "GET /repositories/demonstration?query=PREFIX%20rdfs%3A%20%3Chttp%3A//www.w3.org/2000/01/rdf-schema%23%3E%0A%20%20%20%20%20%20%20%20PREFIX%20oboInOwl%3A%20%3Chttp%3A//www.geneontology.org/formats/oboInOwl%23%3E%0A%20%20%20%20%20%20%20%20PREFIX%20edamontology%3A%20%3Chttp%3A//edamontology.org/%3E%0A%20%20%20%20%20%20%20%20PREFIX%20obo%3A%20%3Chttp%3A//purl.obolibrary.org/obo/%3E%0A%20%20%20%20%20%20%20%20PREFIX%20arcas%3A%20%3Chttp%3A//www.callisto.calmip.univ-toulouse.fr/ARCAS.rdf%23%3E%0A%20%20%20%20%20%20%20%20PREFIX%20service%3A%20%3Chttp%3A//www.daml.org/services/owl-s/1.2/Service.owl%23%3E%0A%20%20%20%20%20%20%20%20PREFIX%20profile%3A%20%3Chttp%3A//www.daml.org/services/owl-s/1.2/Profile.owl%23%3E%0A%20%20%20%20%20%20%20%20PREFIX%20mp%3A%3Chttp%3A//purl.org/mp%23%3E%0A%20%20%20%20%20%20%20%20SELECT%20DISTINCT%20%3Fservice%0A%20%20%20%20%20%20%20%20WHERE%20%7B%0A%20%20%20%20%20%20%20%20%3Fservice%20service%3Apresents%20%3Fprofile.%0A%20%20%20%20%20%20%20%20%3Fprofile%20arcas%3AhasQuerySoftware%20%3Chttp%3A//www.callisto.calmip.univ-toulouse.fr/ARCAS.rdf%23get_dataset%3E.%0A%20%20%20%20%20%20%20%20%3Fprofile%20profile%3AtextDescription%20%3Fdescription.%0A%20%20%20%20%20%20%20%20%7D&infer=false&checkVariables=false&analyzeIndicesUsed=false&returnQueryMetadata=true HTTP/1.1" 200 None 
DEBUG:2022-11-07 09:43:36,204 http://callistoallegro:10035 "PUT /repositories/demonstration/statement?subj=%3Chttp%3A//www.callisto.calmip.univ-toulouse.fr/demonstration.rdf%23FDV_684%3E&pred=%3Chttp%3A//www.w3.org/1999/02/22-rdf-syntax-ns%23type%3E&obj=%22http%3A//www.daml.org/services/owl-s/1.2/Service.owl%23Service%22&context=null HTTP/1.1" 200 None 
DEBUG:2022-11-07 09:43:36,209 http://callistoallegro:10035 "PUT /repositories/demonstration/statement?subj=%3Chttp%3A//www.callisto.calmip.univ-toulouse.fr/demonstration.rdf%23FDV_684_Profile%3E&pred=%3Chttp%3A//www.w3.org/1999/02/22-rdf-syntax-ns%23type%3E&obj=%22http%3A//www.daml.org/services/owl-s/1.2/Service.owl%23ServiceProfile%22&context=null HTTP/1.1" 200 None 
DEBUG:2022-11-07 09:43:36,213 http://callistoallegro:10035 "PUT /repositories/demonstration/statement?subj=%3Chttp%3A//www.callisto.calmip.univ-toulouse.fr/demonstration.rdf%23FDV_684%3E&pred=%3Chttp%3A//www.daml.org/services/owl-s/1.2/Service.owl%23presents%3E&obj=%3Chttp%3A//www.callisto.calmip.univ-toulouse.fr/demonstration.rdf%23FDV_684_Profile%3E&context=null HTTP/1.1" 200 None 
DEBUG:2022-11-07 09:43:36,218 http://callistoallegro:10035 "PUT /repositories/demonstration/statement?subj=%3Chttp%3A//www.callisto.calmip.univ-toulouse.fr/demonstration.rdf%23FDV_684%3E&pred=%3Chttp%3A//www.callisto.calmip.univ-toulouse.fr/ARCAS.rdf%23hasOperation%3E&obj=%22http%3A//www.callisto.calmip.univ-toulouse.fr/ARCAS.rdf%23retrieve_dataset%22&context=null HTTP/1.1" 200 None 
DEBUG:2022-11-07 09:43:36,233 http://callistoallegro:10035 "PUT /repositories/demonstration/statement?subj=%3Chttp%3A//www.callisto.calmip.univ-toulouse.fr/demonstration.rdf%23FDV_684%3E&pred=%3Chttp%3A//www.callisto.calmip.univ-toulouse.fr/ARCAS.rdf%23hasOperation%3E&obj=%22http%3A//www.callisto.calmip.univ-toulouse.fr/ARCAS.rdf%23retrieve_metadata%22&context=null HTTP/1.1" 200 None 
DEBUG:2022-11-07 09:43:36,238 http://callistoallegro:10035 "PUT /repositories/demonstration/statement?subj=%3Chttp%3A//www.callisto.calmip.univ-toulouse.fr/demonstration.rdf%23FDV_684_Profile%3E&pred=%3Chttp%3A//www.callisto.calmip.univ-toulouse.fr/ARCAS.rdf%23hasQuerySoftware%3E&obj=%3Chttp%3A//www.callisto.calmip.univ-toulouse.fr/ARCAS.rdf%23get_dataset%3E&context=null HTTP/1.1" 200 None 
DEBUG:2022-11-07 09:43:36,243 http://callistoallegro:10035 "PUT /repositories/demonstration/statement?subj=%3Chttp%3A//www.callisto.calmip.univ-toulouse.fr/demonstration.rdf%23FDV_684_Profile%3E&pred=%3Chttp%3A//www.daml.org/services/owl-s/1.2/Profile.owl%23textDescription%3E&obj=%22Un%20fichier%20de%20texte%20avec%20des%20lignes%20de%20mots%22&context=null HTTP/1.1" 200 None 
DEBUG:2022-11-07 09:43:36,248 http://callistoallegro:10035 "PUT /repositories/demonstration/statement?subj=%3Chttp%3A//www.callisto.calmip.univ-toulouse.fr/demonstration.rdf%23FDV_684%3E&pred=%3Chttp%3A//www.callisto.calmip.univ-toulouse.fr/ARCAS.rdf%23hasInput%3E&obj=%3Chttp%3A//www.callisto.calmip.univ-toulouse.fr/ARCAS.rdf%23ApiKey%3E&context=null HTTP/1.1" 200 None 
DEBUG:2022-11-07 09:43:36,253 http://callistoallegro:10035 "PUT /repositories/demonstration/statement?subj=%3Chttp%3A//www.callisto.calmip.univ-toulouse.fr/demonstration.rdf%23FDV_684%3E&pred=%3Chttp%3A//www.w3.org/2000/01/rdf-schema%23isDefinedBy%3E&obj=%22Quantity%20that%20is%20measured%22&context=null HTTP/1.1" 200 None 
DEBUG:2022-11-07 09:43:36,260 http://callistoallegro:10035 "PUT /repositories/demonstration/statement?subj=%3Chttp%3A//www.callisto.calmip.univ-toulouse.fr/demonstration.rdf%23FDV_684%3E&pred=%3Chttp%3A//www.callisto.calmip.univ-toulouse.fr/ARCAS.rdf%23hasOutput%3E&obj=%3Chttp%3A//www.callisto.calmip.univ-toulouse.fr/demonstration.rdf%23ComputerandInformationScience%3E&context=null HTTP/1.1" 200 None 
DEBUG:2022-11-07 09:43:36,274 http://callistoallegro:10035 "PUT /repositories/demonstration/statement?subj=%3Chttp%3A//www.callisto.calmip.univ-toulouse.fr/demonstration.rdf%23FDV_684%3E&pred=%3Chttp%3A//www.callisto.calmip.univ-toulouse.fr/ARCAS.rdf%23hasOutput%3E&obj=%3Chttp%3A//www.callisto.calmip.univ-toulouse.fr/demonstration.rdf%23AsciiTextFile%3E&context=null HTTP/1.1" 200 None 
DEBUG:2022-11-07 09:43:36,278 http://callistoallegro:10035 "PUT /repositories/demonstration/statement?subj=%3Chttp%3A//www.callisto.calmip.univ-toulouse.fr/demonstration.rdf%231667810616.168593%3E&pred=%3Chttp%3A//www.w3.org/1999/02/22-rdf-syntax-ns%23type%3E&obj=%22http%3A//purl.org/mp/Data%22&context=null HTTP/1.1" 200 None 
DEBUG:2022-11-07 09:43:36,283 http://callistoallegro:10035 "PUT /repositories/demonstration/statement?subj=%3Chttp%3A//www.callisto.calmip.univ-toulouse.fr/demonstration.rdf%231667810616.168593%3E&pred=%3Chttp%3A//www.w3.org/2000/01/rdf-schema%23isDefinedBy%3E&obj=%22Un%20fichier%20de%20texte%20avec%20des%20lignes%20de%20mots%22&context=null HTTP/1.1" 200 None 
DEBUG:2022-11-07 09:43:36,288 http://callistoallegro:10035 "PUT /repositories/demonstration/statement?subj=%3Chttp%3A//www.callisto.calmip.univ-toulouse.fr/demonstration.rdf%23Callistodataverse%3A8080/api/access/datafile/684%3Fkey%3D%3E&pred=%3Chttp%3A//www.w3.org/1999/02/22-rdf-syntax-ns%23type%3E&obj=%22http%3A//www.callisto.calmip.univ-toulouse.fr/ARCAS.rdf%23accessURL%22&context=null HTTP/1.1" 200 None 
DEBUG:2022-11-07 09:43:36,294 http://callistoallegro:10035 "PUT /repositories/demonstration/statement?subj=%3Chttp%3A//www.callisto.calmip.univ-toulouse.fr/demonstration.rdf%23Callistodataverse%3A8080/api/access/datafile/684%3Fkey%3D%3E&pred=%3Chttp%3A//www.w3.org/2000/01/rdf-schema%23isDefinedBy%3E&obj=%22Callistodataverse%3A8080/api/access/datafile/684%3Fkey%3D%22&context=null HTTP/1.1" 200 None 
DEBUG:2022-11-07 09:43:36,316 http://callistoallegro:10035 "PUT /repositories/demonstration/statement?subj=%3Chttp%3A//www.callisto.calmip.univ-toulouse.fr/demonstration.rdf%23FDV_684%3E&pred=%3Chttp%3A//www.callisto.calmip.univ-toulouse.fr/ARCAS.rdf%23isAccessedThrough%3E&obj=%3Chttp%3A//www.callisto.calmip.univ-toulouse.fr/demonstration.rdf%23Callistodataverse%3A8080/api/access/datafile/684%3Fkey%3D%3E&context=null HTTP/1.1" 200 None 
DEBUG:2022-11-07 09:43:36,319 http://callistoallegro:10035 "GET /repositories/demonstration/size HTTP/1.1" 200 None 
